<?xml version="1.0" encoding="UTF-8"?>
<!-- Generated by org.testng.reporters.JUnitReportReporter -->
<testsuite hostname="NDI-LAP-657" name="com.gmed.PatientPortal.Patient_Portal.AppTest" tests="1" failures="0" timestamp="29 Nov 2018 19:03:31 GMT" time="0.002" errors="0">
  <testcase name="testApp" time="0.002" classname="com.gmed.PatientPortal.Patient_Portal.AppTest"/>
</testsuite> <!-- com.gmed.PatientPortal.Patient_Portal.AppTest -->
