<?xml version="1.0" encoding="UTF-8"?>
<!-- Generated by org.testng.reporters.JUnitReportReporter -->
<testsuite hostname="NDI-LAP-657" name="test.LoginTest" tests="5" failures="0" timestamp="4 Dec 2018 08:08:51 GMT" time="8.664" errors="0">
  <testcase name="logOut" time="1.618" classname="test.LoginTest"/>
  <testcase name="blankPassword" time="0.170" classname="test.LoginTest"/>
  <testcase name="blankUser" time="0.180" classname="test.LoginTest"/>
  <testcase name="blankLogin" time="0.179" classname="test.LoginTest"/>
  <testcase name="validLogin" time="6.517" classname="test.LoginTest"/>
</testsuite> <!-- test.LoginTest -->
